<?xml version="1.0" encoding="UTF-8"?>
<!-- Generated by org.testng.reporters.JUnitXMLReporter -->
<testsuite hostname="DESKTOP-S8J8GPP" ignored="0" name="Default test" tests="3" failures="0" timestamp="30 Dec 2019 07:09:26 GMT" time="0.739" errors="0">
  <testcase name="login" time="0.009" classname="DataProvider.DataTest"/>
  <testcase name="login" time="0.002" classname="DataProvider.DataTest"/>
  <testcase name="login" time="0.007" classname="DataProvider.DataTest"/>
</testsuite> <!-- Default test -->
