<?xml version="1.0" encoding="UTF-8"?>
<testng-results skipped="0" failed="0" ignored="0" total="3" passed="3">
  <reporter-output>
  </reporter-output>
  <suite name="Default suite" duration-ms="739" started-at="2019-12-30T07:09:25Z" finished-at="2019-12-30T07:09:26Z">
    <groups>
    </groups>
    <test name="Default test" duration-ms="739" started-at="2019-12-30T07:09:25Z" finished-at="2019-12-30T07:09:26Z">
      <class name="DataProvider.DataTest">
        <test-method status="PASS" signature="login(java.lang.String, java.lang.String)[pri:0, instance:DataProvider.DataTest@78c03f1f]" name="login" duration-ms="9" started-at="2019-12-30T07:09:26Z" data-provider="LoginData" finished-at="2019-12-30T07:09:26Z">
          <params>
            <param index="0">
              <value>
                <![CDATA[karalkarrushik21@]]>
              </value>
            </param>
            <param index="1">
              <value>
                <![CDATA[Rushi21@]]>
              </value>
            </param>
          </params>
          <reporter-output>
          </reporter-output>
        </test-method> <!-- login -->
        <test-method status="PASS" signature="login(java.lang.String, java.lang.String)[pri:0, instance:DataProvider.DataTest@78c03f1f]" name="login" duration-ms="2" started-at="2019-12-30T07:09:26Z" data-provider="LoginData" finished-at="2019-12-30T07:09:26Z">
          <params>
            <param index="0">
              <value>
                <![CDATA[Karalkar700@gmail.com]]>
              </value>
            </param>
            <param index="1">
              <value>
                <![CDATA[Rush21562]]>
              </value>
            </param>
          </params>
          <reporter-output>
          </reporter-output>
        </test-method> <!-- login -->
        <test-method status="PASS" signature="login(java.lang.String, java.lang.String)[pri:0, instance:DataProvider.DataTest@78c03f1f]" name="login" duration-ms="7" started-at="2019-12-30T07:09:26Z" data-provider="LoginData" finished-at="2019-12-30T07:09:26Z">
          <params>
            <param index="0">
              <value>
                <![CDATA[Rameshkara21@gmail.com]]>
              </value>
            </param>
            <param index="1">
              <value>
                <![CDATA[Rushi0909]]>
              </value>
            </param>
          </params>
          <reporter-output>
          </reporter-output>
        </test-method> <!-- login -->
      </class> <!-- DataProvider.DataTest -->
    </test> <!-- Default test -->
  </suite> <!-- Default suite -->
</testng-results>
